prakpapb8/app/build/intermediates/manifest_merge_blame_file/debug/processDebugMainManifest/manifest-merger-blame-debug-report.txt
1<?xml version="1.0" encoding="utf-8"?>
2<manifest xmlns:android="http://schemas.android.com/apk/res/android"
3    package="com.example.prak_papb_8"
4    android:versionCode="1"
5    android:versionName="1.0" >
6
7    <uses-sdk
8        android:minSdkVersion="24"
9        android:targetSdkVersion="36" />
10
11    <uses-permission android:name="android.permission.ACCESS_COARSE_LOCATION" />
11-->src\main\AndroidManifest.xml:4:5-81
11-->src\main\AndroidManifest.xml:4:22-78
12    <uses-permission android:name="android.permission.ACCESS_FINE_LOCATION" />
12-->src\main\AndroidManifest.xml:5:5-79
12-->src\main\AndroidManifest.xml:5:22-76
13    <uses-permission android:name="android.permission.INTERNET" />
13-->src\main\AndroidManifest.xml:6:5-67
13-->src\main\AndroidManifest.xml:6:22-64
14
15    <permission
15-->[androidx.core:core:1.17.0] AndroidManifest.xml:22:5-24:47
16        android:name="com.example.prak_papb_8.DYNAMIC_RECEIVER_NOT_EXPORTED_PERMISSION"
16-->[androidx.core:core:1.17.0] AndroidManifest.xml:23:9-81
17        android:protectionLevel="signature" />
17-->[androidx.core:core:1.17.0] AndroidManifest.xml:24:9-44
18
19    <uses-permission android:name="com.example.prak_papb_8.DYNAMIC_RECEIVER_NOT_EXPORTED_PERMISSION" />
19-->[androidx.core:core:1.17.0] AndroidManifest.xml:26:5-97
19-->[androidx.core:core:1.17.0] AndroidManifest.xml:26:22-94
20
21    <application
21-->src\main\AndroidManifest.xml:7:5-27:19
22        android:allowBackup="true"
22-->src\main\AndroidManifest.xml:8:9-35
23        android:appComponentFactory="androidx.core.app.CoreComponentFactory"
23-->[androidx.core:core:1.17.0] AndroidManifest.xml:28:18-86
24        android:dataExtractionRules="@xml/data_extraction_rules"
24-->src\main\AndroidManifest.xml:9:9-65
25        android:debuggable="true"
26        android:extractNativeLibs="false"
27        android:fullBackupContent="@xml/backup_rules"
27-->src\main\AndroidManifest.xml:10:9-54
28        android:icon="@mipmap/ic_launcher"
28-->src\main\AndroidManifest.xml:11:9-43
29        android:label="@string/app_name"
29-->src\main\AndroidManifest.xml:12:9-41
30        android:roundIcon="@mipmap/ic_launcher_round"
30-->src\main\AndroidManifest.xml:13:9-54
31        android:supportsRtl="true"
31-->src\main\AndroidManifest.xml:14:9-35
32        android:testOnly="true"
33        android:theme="@style/Theme.Prakpapb8" >
33-->src\main\AndroidManifest.xml:15:9-47
34        <activity
34-->src\main\AndroidManifest.xml:16:9-26:20
35            android:name="com.example.prak_papb_8.MainActivity"
35-->src\main\AndroidManifest.xml:17:13-41
36            android:exported="true"
36-->src\main\AndroidManifest.xml:18:13-36
37            android:label="@string/app_name"
37-->src\main\AndroidManifest.xml:19:13-45
38            android:theme="@style/Theme.Prakpapb8" >
38-->src\main\AndroidManifest.xml:20:13-51
39            <intent-filter>
39-->src\main\AndroidManifest.xml:21:13-25:29
40                <action android:name="android.intent.action.MAIN" />
40-->src\main\AndroidManifest.xml:22:17-69
40-->src\main\AndroidManifest.xml:22:25-66
41
42                <category android:name="android.intent.category.LAUNCHER" />
42-->src\main\AndroidManifest.xml:24:17-77
42-->src\main\AndroidManifest.xml:24:27-74
43            </intent-filter>
44        </activity>
45        <activity
45-->[com.google.android.gms:play-services-base:18.5.0] AndroidManifest.xml:5:9-173
46            android:name="com.google.android.gms.common.api.GoogleApiActivity"
46-->[com.google.android.gms:play-services-base:18.5.0] AndroidManifest.xml:5:19-85
47            android:exported="false"
47-->[com.google.android.gms:play-services-base:18.5.0] AndroidManifest.xml:5:146-170
48            android:theme="@android:style/Theme.Translucent.NoTitleBar" />
48-->[com.google.android.gms:play-services-base:18.5.0] AndroidManifest.xml:5:86-145
49
50        <meta-data
50-->[com.google.android.gms:play-services-basement:18.4.0] AndroidManifest.xml:6:9-122
51            android:name="com.google.android.gms.version"
51-->[com.google.android.gms:play-services-basement:18.4.0] AndroidManifest.xml:6:20-65
52            android:value="@integer/google_play_services_version" />
52-->[com.google.android.gms:play-services-basement:18.4.0] AndroidManifest.xml:6:66-119
53
54        <activity
54-->[androidx.compose.ui:ui-tooling-android:1.9.0] AndroidManifest.xml:23:9-25:39
55            android:name="androidx.compose.ui.tooling.PreviewActivity"
55-->[androidx.compose.ui:ui-tooling-android:1.9.0] AndroidManifest.xml:24:13-71
56            android:exported="true" />
56-->[androidx.compose.ui:ui-tooling-android:1.9.0] AndroidManifest.xml:25:13-36
57
58        <provider
58-->[androidx.emoji2:emoji2:1.4.0] AndroidManifest.xml:24:9-32:20
59            android:name="androidx.startup.InitializationProvider"
59-->[androidx.emoji2:emoji2:1.4.0] AndroidManifest.xml:25:13-67
60            android:authorities="com.example.prak_papb_8.androidx-startup"
60-->[androidx.emoji2:emoji2:1.4.0] AndroidManifest.xml:26:13-68
61            android:exported="false" >
61-->[androidx.emoji2:emoji2:1.4.0] AndroidManifest.xml:27:13-37
62            <meta-data
62-->[androidx.emoji2:emoji2:1.4.0] AndroidManifest.xml:29:13-31:52
63                android:name="androidx.emoji2.text.EmojiCompatInitializer"
63-->[androidx.emoji2:emoji2:1.4.0] AndroidManifest.xml:30:17-75
64                android:value="androidx.startup" />
64-->[androidx.emoji2:emoji2:1.4.0] AndroidManifest.xml:31:17-49
65            <meta-data
65-->[androidx.lifecycle:lifecycle-process:2.9.4] AndroidManifest.xml:29:13-31:52
66                android:name="androidx.lifecycle.ProcessLifecycleInitializer"
66-->[androidx.lifecycle:lifecycle-process:2.9.4] AndroidManifest.xml:30:17-78
67                android:value="androidx.startup" />
67-->[androidx.lifecycle:lifecycle-process:2.9.4] AndroidManifest.xml:31:17-49
68            <meta-data
68-->[androidx.profileinstaller:profileinstaller:1.4.0] AndroidManifest.xml:29:13-31:52
69                android:name="androidx.profileinstaller.ProfileInstallerInitializer"
69-->[androidx.profileinstaller:profileinstaller:1.4.0] AndroidManifest.xml:30:17-85
70                android:value="androidx.startup" />
70-->[androidx.profileinstaller:profileinstaller:1.4.0] AndroidManifest.xml:31:17-49
71        </provider>
72
73        <activity
73-->[androidx.compose.ui:ui-test-manifest:1.9.0] AndroidManifest.xml:23:9-26:79
74            android:name="androidx.activity.ComponentActivity"
74-->[androidx.compose.ui:ui-test-manifest:1.9.0] AndroidManifest.xml:24:13-63
75            android:exported="true"
75-->[androidx.compose.ui:ui-test-manifest:1.9.0] AndroidManifest.xml:25:13-36
76            android:theme="@android:style/Theme.Material.Light.NoActionBar" />
76-->[androidx.compose.ui:ui-test-manifest:1.9.0] AndroidManifest.xml:26:13-76
77
78        <receiver
78-->[androidx.profileinstaller:profileinstaller:1.4.0] AndroidManifest.xml:34:9-52:20
79            android:name="androidx.profileinstaller.ProfileInstallReceiver"
79-->[androidx.profileinstaller:profileinstaller:1.4.0] AndroidManifest.xml:35:13-76
80            android:directBootAware="false"
80-->[androidx.profileinstaller:profileinstaller:1.4.0] AndroidManifest.xml:36:13-44
81            android:enabled="true"
81-->[androidx.profileinstaller:profileinstaller:1.4.0] AndroidManifest.xml:37:13-35
82            android:exported="true"
82-->[androidx.profileinstaller:profileinstaller:1.4.0] AndroidManifest.xml:38:13-36
83            android:permission="android.permission.DUMP" >
83-->[androidx.profileinstaller:profileinstaller:1.4.0] AndroidManifest.xml:39:13-57
84            <intent-filter>
84-->[androidx.profileinstaller:profileinstaller:1.4.0] AndroidManifest.xml:40:13-42:29
85                <action android:name="androidx.profileinstaller.action.INSTALL_PROFILE" />
85-->[androidx.profileinstaller:profileinstaller:1.4.0] AndroidManifest.xml:41:17-91
85-->[androidx.profileinstaller:profileinstaller:1.4.0] AndroidManifest.xml:41:25-88
86            </intent-filter>
87            <intent-filter>
87-->[androidx.profileinstaller:profileinstaller:1.4.0] AndroidManifest.xml:43:13-45:29
88                <action android:name="androidx.profileinstaller.action.SKIP_FILE" />
88-->[androidx.profileinstaller:profileinstaller:1.4.0] AndroidManifest.xml:44:17-85
88-->[androidx.profileinstaller:profileinstaller:1.4.0] AndroidManifest.xml:44:25-82
89            </intent-filter>
90            <intent-filter>
90-->[androidx.profileinstaller:profileinstaller:1.4.0] AndroidManifest.xml:46:13-48:29
91                <action android:name="androidx.profileinstaller.action.SAVE_PROFILE" />
91-->[androidx.profileinstaller:profileinstaller:1.4.0] AndroidManifest.xml:47:17-88
91-->[androidx.profileinstaller:profileinstaller:1.4.0] AndroidManifest.xml:47:25-85
92            </intent-filter>
93            <intent-filter>
93-->[androidx.profileinstaller:profileinstaller:1.4.0] AndroidManifest.xml:49:13-51:29
94                <action android:name="androidx.profileinstaller.action.BENCHMARK_OPERATION" />
94-->[androidx.profileinstaller:profileinstaller:1.4.0] AndroidManifest.xml:50:17-95
94-->[androidx.profileinstaller:profileinstaller:1.4.0] AndroidManifest.xml:50:25-92
95            </intent-filter>
96        </receiver>
97    </application>
98
99</manifest>